<?xml version="1.0" encoding="UTF-8"?>
<testsuite xmlns:xsi="http://www.w3.org/2001/XMLSchema-instance" xsi:noNamespaceSchemaLocation="https://maven.apache.org/surefire/maven-surefire-plugin/xsd/surefire-test-report.xsd" name="ru.domru.carrental.CarRentalApplicationTests" time="16.553" tests="1" errors="0" skipped="0" failures="0">
  <properties>
    <property name="sun.desktop" value="gnome"/>
    <property name="awt.toolkit" value="sun.awt.X11.XToolkit"/>
    <property name="file.encoding.pkg" value="sun.io"/>
    <property name="java.specification.version" value="1.8"/>
    <property name="sun.cpu.isalist" value=""/>
    <property name="sun.jnu.encoding" value="UTF-8"/>
    <property name="java.class.path" value="/home/gaga/jobs/projects/car-rental/app/target/test-classes:/home/gaga/jobs/projects/car-rental/app/target/classes:/home/gaga/.m2/repository/org/springframework/boot/spring-boot-starter-data-jpa/2.1.0.BUILD-SNAPSHOT/spring-boot-starter-data-jpa-2.1.0.BUILD-SNAPSHOT.jar:/home/gaga/.m2/repository/org/springframework/boot/spring-boot-starter/2.1.0.BUILD-SNAPSHOT/spring-boot-starter-2.1.0.BUILD-SNAPSHOT.jar:/home/gaga/.m2/repository/org/springframework/boot/spring-boot/2.1.0.BUILD-SNAPSHOT/spring-boot-2.1.0.BUILD-SNAPSHOT.jar:/home/gaga/.m2/repository/org/springframework/boot/spring-boot-autoconfigure/2.1.0.BUILD-SNAPSHOT/spring-boot-autoconfigure-2.1.0.BUILD-SNAPSHOT.jar:/home/gaga/.m2/repository/org/springframework/boot/spring-boot-starter-logging/2.1.0.BUILD-SNAPSHOT/spring-boot-starter-logging-2.1.0.BUILD-SNAPSHOT.jar:/home/gaga/.m2/repository/ch/qos/logback/logback-classic/1.2.3/logback-classic-1.2.3.jar:/home/gaga/.m2/repository/ch/qos/logback/logback-core/1.2.3/logback-core-1.2.3.jar:/home/gaga/.m2/repository/org/apache/logging/log4j/log4j-to-slf4j/2.10.0/log4j-to-slf4j-2.10.0.jar:/home/gaga/.m2/repository/org/apache/logging/log4j/log4j-api/2.10.0/log4j-api-2.10.0.jar:/home/gaga/.m2/repository/org/slf4j/jul-to-slf4j/1.7.25/jul-to-slf4j-1.7.25.jar:/home/gaga/.m2/repository/javax/annotation/javax.annotation-api/1.3.2/javax.annotation-api-1.3.2.jar:/home/gaga/.m2/repository/org/yaml/snakeyaml/1.19/snakeyaml-1.19.jar:/home/gaga/.m2/repository/org/springframework/boot/spring-boot-starter-aop/2.1.0.BUILD-SNAPSHOT/spring-boot-starter-aop-2.1.0.BUILD-SNAPSHOT.jar:/home/gaga/.m2/repository/org/aspectj/aspectjweaver/1.9.0/aspectjweaver-1.9.0.jar:/home/gaga/.m2/repository/org/springframework/boot/spring-boot-starter-jdbc/2.1.0.BUILD-SNAPSHOT/spring-boot-starter-jdbc-2.1.0.BUILD-SNAPSHOT.jar:/home/gaga/.m2/repository/com/zaxxer/HikariCP/2.7.9/HikariCP-2.7.9.jar:/home/gaga/.m2/repository/org/springframework/spring-jdbc/5.1.0.BUILD-SNAPSHOT/spring-jdbc-5.1.0.BUILD-SNAPSHOT.jar:/home/gaga/.m2/repository/org/hibernate/hibernate-core/5.2.17.Final/hibernate-core-5.2.17.Final.jar:/home/gaga/.m2/repository/org/jboss/logging/jboss-logging/3.3.2.Final/jboss-logging-3.3.2.Final.jar:/home/gaga/.m2/repository/org/hibernate/javax/persistence/hibernate-jpa-2.1-api/1.0.2.Final/hibernate-jpa-2.1-api-1.0.2.Final.jar:/home/gaga/.m2/repository/org/javassist/javassist/3.22.0-GA/javassist-3.22.0-GA.jar:/home/gaga/.m2/repository/antlr/antlr/2.7.7/antlr-2.7.7.jar:/home/gaga/.m2/repository/org/jboss/jandex/2.0.3.Final/jandex-2.0.3.Final.jar:/home/gaga/.m2/repository/com/fasterxml/classmate/1.3.4/classmate-1.3.4.jar:/home/gaga/.m2/repository/dom4j/dom4j/1.6.1/dom4j-1.6.1.jar:/home/gaga/.m2/repository/org/hibernate/common/hibernate-commons-annotations/5.0.1.Final/hibernate-commons-annotations-5.0.1.Final.jar:/home/gaga/.m2/repository/javax/transaction/javax.transaction-api/1.2/javax.transaction-api-1.2.jar:/home/gaga/.m2/repository/org/springframework/data/spring-data-jpa/2.1.0.M3/spring-data-jpa-2.1.0.M3.jar:/home/gaga/.m2/repository/org/springframework/data/spring-data-commons/2.1.0.M3/spring-data-commons-2.1.0.M3.jar:/home/gaga/.m2/repository/org/springframework/spring-orm/5.1.0.BUILD-SNAPSHOT/spring-orm-5.1.0.BUILD-SNAPSHOT.jar:/home/gaga/.m2/repository/org/springframework/spring-context/5.1.0.BUILD-SNAPSHOT/spring-context-5.1.0.BUILD-SNAPSHOT.jar:/home/gaga/.m2/repository/org/springframework/spring-tx/5.1.0.BUILD-SNAPSHOT/spring-tx-5.1.0.BUILD-SNAPSHOT.jar:/home/gaga/.m2/repository/org/springframework/spring-beans/5.1.0.BUILD-SNAPSHOT/spring-beans-5.1.0.BUILD-SNAPSHOT.jar:/home/gaga/.m2/repository/org/slf4j/slf4j-api/1.7.25/slf4j-api-1.7.25.jar:/home/gaga/.m2/repository/org/springframework/spring-aspects/5.1.0.BUILD-SNAPSHOT/spring-aspects-5.1.0.BUILD-SNAPSHOT.jar:/home/gaga/.m2/repository/org/springframework/boot/spring-boot-starter-data-redis/2.1.0.BUILD-SNAPSHOT/spring-boot-starter-data-redis-2.1.0.BUILD-SNAPSHOT.jar:/home/gaga/.m2/repository/org/springframework/data/spring-data-redis/2.1.0.M3/spring-data-redis-2.1.0.M3.jar:/home/gaga/.m2/repository/org/springframework/data/spring-data-keyvalue/2.1.0.M3/spring-data-keyvalue-2.1.0.M3.jar:/home/gaga/.m2/repository/org/springframework/spring-oxm/5.1.0.BUILD-SNAPSHOT/spring-oxm-5.1.0.BUILD-SNAPSHOT.jar:/home/gaga/.m2/repository/org/springframework/spring-context-support/5.1.0.BUILD-SNAPSHOT/spring-context-support-5.1.0.BUILD-SNAPSHOT.jar:/home/gaga/.m2/repository/io/lettuce/lettuce-core/5.1.0.M1/lettuce-core-5.1.0.M1.jar:/home/gaga/.m2/repository/io/projectreactor/reactor-core/3.2.0.BUILD-SNAPSHOT/reactor-core-3.2.0.BUILD-SNAPSHOT.jar:/home/gaga/.m2/repository/org/reactivestreams/reactive-streams/1.0.2/reactive-streams-1.0.2.jar:/home/gaga/.m2/repository/io/netty/netty-common/4.1.25.Final/netty-common-4.1.25.Final.jar:/home/gaga/.m2/repository/io/netty/netty-transport/4.1.25.Final/netty-transport-4.1.25.Final.jar:/home/gaga/.m2/repository/io/netty/netty-buffer/4.1.25.Final/netty-buffer-4.1.25.Final.jar:/home/gaga/.m2/repository/io/netty/netty-resolver/4.1.25.Final/netty-resolver-4.1.25.Final.jar:/home/gaga/.m2/repository/io/netty/netty-handler/4.1.25.Final/netty-handler-4.1.25.Final.jar:/home/gaga/.m2/repository/io/netty/netty-codec/4.1.25.Final/netty-codec-4.1.25.Final.jar:/home/gaga/.m2/repository/org/springframework/boot/spring-boot-starter-security/2.1.0.BUILD-SNAPSHOT/spring-boot-starter-security-2.1.0.BUILD-SNAPSHOT.jar:/home/gaga/.m2/repository/org/springframework/spring-aop/5.1.0.BUILD-SNAPSHOT/spring-aop-5.1.0.BUILD-SNAPSHOT.jar:/home/gaga/.m2/repository/org/springframework/security/spring-security-config/5.1.0.M1/spring-security-config-5.1.0.M1.jar:/home/gaga/.m2/repository/org/springframework/security/spring-security-web/5.1.0.M1/spring-security-web-5.1.0.M1.jar:/home/gaga/.m2/repository/org/springframework/spring-expression/5.1.0.BUILD-SNAPSHOT/spring-expression-5.1.0.BUILD-SNAPSHOT.jar:/home/gaga/.m2/repository/org/springframework/boot/spring-boot-starter-web/2.1.0.BUILD-SNAPSHOT/spring-boot-starter-web-2.1.0.BUILD-SNAPSHOT.jar:/home/gaga/.m2/repository/org/springframework/boot/spring-boot-starter-json/2.1.0.BUILD-SNAPSHOT/spring-boot-starter-json-2.1.0.BUILD-SNAPSHOT.jar:/home/gaga/.m2/repository/com/fasterxml/jackson/core/jackson-databind/2.9.5/jackson-databind-2.9.5.jar:/home/gaga/.m2/repository/com/fasterxml/jackson/core/jackson-annotations/2.9.0/jackson-annotations-2.9.0.jar:/home/gaga/.m2/repository/com/fasterxml/jackson/core/jackson-core/2.9.5/jackson-core-2.9.5.jar:/home/gaga/.m2/repository/com/fasterxml/jackson/datatype/jackson-datatype-jdk8/2.9.5/jackson-datatype-jdk8-2.9.5.jar:/home/gaga/.m2/repository/com/fasterxml/jackson/datatype/jackson-datatype-jsr310/2.9.5/jackson-datatype-jsr310-2.9.5.jar:/home/gaga/.m2/repository/com/fasterxml/jackson/module/jackson-module-parameter-names/2.9.5/jackson-module-parameter-names-2.9.5.jar:/home/gaga/.m2/repository/org/springframework/boot/spring-boot-starter-tomcat/2.1.0.BUILD-SNAPSHOT/spring-boot-starter-tomcat-2.1.0.BUILD-SNAPSHOT.jar:/home/gaga/.m2/repository/org/apache/tomcat/embed/tomcat-embed-core/8.5.31/tomcat-embed-core-8.5.31.jar:/home/gaga/.m2/repository/org/apache/tomcat/embed/tomcat-embed-el/8.5.31/tomcat-embed-el-8.5.31.jar:/home/gaga/.m2/repository/org/apache/tomcat/embed/tomcat-embed-websocket/8.5.31/tomcat-embed-websocket-8.5.31.jar:/home/gaga/.m2/repository/org/hibernate/validator/hibernate-validator/6.0.10.Final/hibernate-validator-6.0.10.Final.jar:/home/gaga/.m2/repository/javax/validation/validation-api/2.0.1.Final/validation-api-2.0.1.Final.jar:/home/gaga/.m2/repository/org/springframework/spring-web/5.1.0.BUILD-SNAPSHOT/spring-web-5.1.0.BUILD-SNAPSHOT.jar:/home/gaga/.m2/repository/org/springframework/spring-webmvc/5.1.0.BUILD-SNAPSHOT/spring-webmvc-5.1.0.BUILD-SNAPSHOT.jar:/home/gaga/.m2/repository/org/springframework/session/spring-session-data-redis/2.0.3.RELEASE/spring-session-data-redis-2.0.3.RELEASE.jar:/home/gaga/.m2/repository/org/springframework/session/spring-session-core/2.0.3.RELEASE/spring-session-core-2.0.3.RELEASE.jar:/home/gaga/.m2/repository/org/springframework/spring-jcl/5.1.0.BUILD-SNAPSHOT/spring-jcl-5.1.0.BUILD-SNAPSHOT.jar:/home/gaga/.m2/repository/mysql/mysql-connector-java/5.1.46/mysql-connector-java-5.1.46.jar:/home/gaga/.m2/repository/org/springframework/boot/spring-boot-starter-test/2.1.0.BUILD-SNAPSHOT/spring-boot-starter-test-2.1.0.BUILD-SNAPSHOT.jar:/home/gaga/.m2/repository/org/springframework/boot/spring-boot-test/2.1.0.BUILD-SNAPSHOT/spring-boot-test-2.1.0.BUILD-SNAPSHOT.jar:/home/gaga/.m2/repository/org/springframework/boot/spring-boot-test-autoconfigure/2.1.0.BUILD-SNAPSHOT/spring-boot-test-autoconfigure-2.1.0.BUILD-SNAPSHOT.jar:/home/gaga/.m2/repository/com/jayway/jsonpath/json-path/2.4.0/json-path-2.4.0.jar:/home/gaga/.m2/repository/net/minidev/json-smart/2.3/json-smart-2.3.jar:/home/gaga/.m2/repository/net/minidev/accessors-smart/1.2/accessors-smart-1.2.jar:/home/gaga/.m2/repository/org/ow2/asm/asm/5.0.4/asm-5.0.4.jar:/home/gaga/.m2/repository/junit/junit/4.12/junit-4.12.jar:/home/gaga/.m2/repository/org/assertj/assertj-core/3.9.1/assertj-core-3.9.1.jar:/home/gaga/.m2/repository/org/mockito/mockito-core/2.18.3/mockito-core-2.18.3.jar:/home/gaga/.m2/repository/net/bytebuddy/byte-buddy/1.7.11/byte-buddy-1.7.11.jar:/home/gaga/.m2/repository/net/bytebuddy/byte-buddy-agent/1.7.11/byte-buddy-agent-1.7.11.jar:/home/gaga/.m2/repository/org/objenesis/objenesis/2.6/objenesis-2.6.jar:/home/gaga/.m2/repository/org/hamcrest/hamcrest-core/1.3/hamcrest-core-1.3.jar:/home/gaga/.m2/repository/org/hamcrest/hamcrest-library/1.3/hamcrest-library-1.3.jar:/home/gaga/.m2/repository/org/skyscreamer/jsonassert/1.5.0/jsonassert-1.5.0.jar:/home/gaga/.m2/repository/com/vaadin/external/google/android-json/0.0.20131108.vaadin1/android-json-0.0.20131108.vaadin1.jar:/home/gaga/.m2/repository/org/springframework/spring-core/5.1.0.BUILD-SNAPSHOT/spring-core-5.1.0.BUILD-SNAPSHOT.jar:/home/gaga/.m2/repository/org/springframework/spring-test/5.1.0.BUILD-SNAPSHOT/spring-test-5.1.0.BUILD-SNAPSHOT.jar:/home/gaga/.m2/repository/org/xmlunit/xmlunit-core/2.5.1/xmlunit-core-2.5.1.jar:/home/gaga/.m2/repository/org/springframework/security/spring-security-test/5.1.0.M1/spring-security-test-5.1.0.M1.jar:/home/gaga/.m2/repository/org/springframework/security/spring-security-core/5.1.0.M1/spring-security-core-5.1.0.M1.jar:"/>
    <property name="java.vm.vendor" value="Oracle Corporation"/>
    <property name="sun.arch.data.model" value="64"/>
    <property name="java.vendor.url" value="http://java.oracle.com/"/>
    <property name="user.timezone" value=""/>
    <property name="java.vm.specification.version" value="1.8"/>
    <property name="os.name" value="Linux"/>
    <property name="user.country" value="RU"/>
    <property name="sun.java.launcher" value="SUN_STANDARD"/>
    <property name="sun.boot.library.path" value="/usr/lib/jvm/java-8-oracle/jre/lib/amd64"/>
    <property name="sun.java.command" value="/home/gaga/jobs/projects/car-rental/app/target/surefire/surefirebooter2949491038404108506.jar /home/gaga/jobs/projects/car-rental/app/target/surefire 2018-06-12T23-29-02_704-jvmRun1 surefire5756678255274776692tmp surefire_07534936255316140056tmp"/>
    <property name="surefire.test.class.path" value="/home/gaga/jobs/projects/car-rental/app/target/test-classes:/home/gaga/jobs/projects/car-rental/app/target/classes:/home/gaga/.m2/repository/org/springframework/boot/spring-boot-starter-data-jpa/2.1.0.BUILD-SNAPSHOT/spring-boot-starter-data-jpa-2.1.0.BUILD-SNAPSHOT.jar:/home/gaga/.m2/repository/org/springframework/boot/spring-boot-starter/2.1.0.BUILD-SNAPSHOT/spring-boot-starter-2.1.0.BUILD-SNAPSHOT.jar:/home/gaga/.m2/repository/org/springframework/boot/spring-boot/2.1.0.BUILD-SNAPSHOT/spring-boot-2.1.0.BUILD-SNAPSHOT.jar:/home/gaga/.m2/repository/org/springframework/boot/spring-boot-autoconfigure/2.1.0.BUILD-SNAPSHOT/spring-boot-autoconfigure-2.1.0.BUILD-SNAPSHOT.jar:/home/gaga/.m2/repository/org/springframework/boot/spring-boot-starter-logging/2.1.0.BUILD-SNAPSHOT/spring-boot-starter-logging-2.1.0.BUILD-SNAPSHOT.jar:/home/gaga/.m2/repository/ch/qos/logback/logback-classic/1.2.3/logback-classic-1.2.3.jar:/home/gaga/.m2/repository/ch/qos/logback/logback-core/1.2.3/logback-core-1.2.3.jar:/home/gaga/.m2/repository/org/apache/logging/log4j/log4j-to-slf4j/2.10.0/log4j-to-slf4j-2.10.0.jar:/home/gaga/.m2/repository/org/apache/logging/log4j/log4j-api/2.10.0/log4j-api-2.10.0.jar:/home/gaga/.m2/repository/org/slf4j/jul-to-slf4j/1.7.25/jul-to-slf4j-1.7.25.jar:/home/gaga/.m2/repository/javax/annotation/javax.annotation-api/1.3.2/javax.annotation-api-1.3.2.jar:/home/gaga/.m2/repository/org/yaml/snakeyaml/1.19/snakeyaml-1.19.jar:/home/gaga/.m2/repository/org/springframework/boot/spring-boot-starter-aop/2.1.0.BUILD-SNAPSHOT/spring-boot-starter-aop-2.1.0.BUILD-SNAPSHOT.jar:/home/gaga/.m2/repository/org/aspectj/aspectjweaver/1.9.0/aspectjweaver-1.9.0.jar:/home/gaga/.m2/repository/org/springframework/boot/spring-boot-starter-jdbc/2.1.0.BUILD-SNAPSHOT/spring-boot-starter-jdbc-2.1.0.BUILD-SNAPSHOT.jar:/home/gaga/.m2/repository/com/zaxxer/HikariCP/2.7.9/HikariCP-2.7.9.jar:/home/gaga/.m2/repository/org/springframework/spring-jdbc/5.1.0.BUILD-SNAPSHOT/spring-jdbc-5.1.0.BUILD-SNAPSHOT.jar:/home/gaga/.m2/repository/org/hibernate/hibernate-core/5.2.17.Final/hibernate-core-5.2.17.Final.jar:/home/gaga/.m2/repository/org/jboss/logging/jboss-logging/3.3.2.Final/jboss-logging-3.3.2.Final.jar:/home/gaga/.m2/repository/org/hibernate/javax/persistence/hibernate-jpa-2.1-api/1.0.2.Final/hibernate-jpa-2.1-api-1.0.2.Final.jar:/home/gaga/.m2/repository/org/javassist/javassist/3.22.0-GA/javassist-3.22.0-GA.jar:/home/gaga/.m2/repository/antlr/antlr/2.7.7/antlr-2.7.7.jar:/home/gaga/.m2/repository/org/jboss/jandex/2.0.3.Final/jandex-2.0.3.Final.jar:/home/gaga/.m2/repository/com/fasterxml/classmate/1.3.4/classmate-1.3.4.jar:/home/gaga/.m2/repository/dom4j/dom4j/1.6.1/dom4j-1.6.1.jar:/home/gaga/.m2/repository/org/hibernate/common/hibernate-commons-annotations/5.0.1.Final/hibernate-commons-annotations-5.0.1.Final.jar:/home/gaga/.m2/repository/javax/transaction/javax.transaction-api/1.2/javax.transaction-api-1.2.jar:/home/gaga/.m2/repository/org/springframework/data/spring-data-jpa/2.1.0.M3/spring-data-jpa-2.1.0.M3.jar:/home/gaga/.m2/repository/org/springframework/data/spring-data-commons/2.1.0.M3/spring-data-commons-2.1.0.M3.jar:/home/gaga/.m2/repository/org/springframework/spring-orm/5.1.0.BUILD-SNAPSHOT/spring-orm-5.1.0.BUILD-SNAPSHOT.jar:/home/gaga/.m2/repository/org/springframework/spring-context/5.1.0.BUILD-SNAPSHOT/spring-context-5.1.0.BUILD-SNAPSHOT.jar:/home/gaga/.m2/repository/org/springframework/spring-tx/5.1.0.BUILD-SNAPSHOT/spring-tx-5.1.0.BUILD-SNAPSHOT.jar:/home/gaga/.m2/repository/org/springframework/spring-beans/5.1.0.BUILD-SNAPSHOT/spring-beans-5.1.0.BUILD-SNAPSHOT.jar:/home/gaga/.m2/repository/org/slf4j/slf4j-api/1.7.25/slf4j-api-1.7.25.jar:/home/gaga/.m2/repository/org/springframework/spring-aspects/5.1.0.BUILD-SNAPSHOT/spring-aspects-5.1.0.BUILD-SNAPSHOT.jar:/home/gaga/.m2/repository/org/springframework/boot/spring-boot-starter-data-redis/2.1.0.BUILD-SNAPSHOT/spring-boot-starter-data-redis-2.1.0.BUILD-SNAPSHOT.jar:/home/gaga/.m2/repository/org/springframework/data/spring-data-redis/2.1.0.M3/spring-data-redis-2.1.0.M3.jar:/home/gaga/.m2/repository/org/springframework/data/spring-data-keyvalue/2.1.0.M3/spring-data-keyvalue-2.1.0.M3.jar:/home/gaga/.m2/repository/org/springframework/spring-oxm/5.1.0.BUILD-SNAPSHOT/spring-oxm-5.1.0.BUILD-SNAPSHOT.jar:/home/gaga/.m2/repository/org/springframework/spring-context-support/5.1.0.BUILD-SNAPSHOT/spring-context-support-5.1.0.BUILD-SNAPSHOT.jar:/home/gaga/.m2/repository/io/lettuce/lettuce-core/5.1.0.M1/lettuce-core-5.1.0.M1.jar:/home/gaga/.m2/repository/io/projectreactor/reactor-core/3.2.0.BUILD-SNAPSHOT/reactor-core-3.2.0.BUILD-SNAPSHOT.jar:/home/gaga/.m2/repository/org/reactivestreams/reactive-streams/1.0.2/reactive-streams-1.0.2.jar:/home/gaga/.m2/repository/io/netty/netty-common/4.1.25.Final/netty-common-4.1.25.Final.jar:/home/gaga/.m2/repository/io/netty/netty-transport/4.1.25.Final/netty-transport-4.1.25.Final.jar:/home/gaga/.m2/repository/io/netty/netty-buffer/4.1.25.Final/netty-buffer-4.1.25.Final.jar:/home/gaga/.m2/repository/io/netty/netty-resolver/4.1.25.Final/netty-resolver-4.1.25.Final.jar:/home/gaga/.m2/repository/io/netty/netty-handler/4.1.25.Final/netty-handler-4.1.25.Final.jar:/home/gaga/.m2/repository/io/netty/netty-codec/4.1.25.Final/netty-codec-4.1.25.Final.jar:/home/gaga/.m2/repository/org/springframework/boot/spring-boot-starter-security/2.1.0.BUILD-SNAPSHOT/spring-boot-starter-security-2.1.0.BUILD-SNAPSHOT.jar:/home/gaga/.m2/repository/org/springframework/spring-aop/5.1.0.BUILD-SNAPSHOT/spring-aop-5.1.0.BUILD-SNAPSHOT.jar:/home/gaga/.m2/repository/org/springframework/security/spring-security-config/5.1.0.M1/spring-security-config-5.1.0.M1.jar:/home/gaga/.m2/repository/org/springframework/security/spring-security-web/5.1.0.M1/spring-security-web-5.1.0.M1.jar:/home/gaga/.m2/repository/org/springframework/spring-expression/5.1.0.BUILD-SNAPSHOT/spring-expression-5.1.0.BUILD-SNAPSHOT.jar:/home/gaga/.m2/repository/org/springframework/boot/spring-boot-starter-web/2.1.0.BUILD-SNAPSHOT/spring-boot-starter-web-2.1.0.BUILD-SNAPSHOT.jar:/home/gaga/.m2/repository/org/springframework/boot/spring-boot-starter-json/2.1.0.BUILD-SNAPSHOT/spring-boot-starter-json-2.1.0.BUILD-SNAPSHOT.jar:/home/gaga/.m2/repository/com/fasterxml/jackson/core/jackson-databind/2.9.5/jackson-databind-2.9.5.jar:/home/gaga/.m2/repository/com/fasterxml/jackson/core/jackson-annotations/2.9.0/jackson-annotations-2.9.0.jar:/home/gaga/.m2/repository/com/fasterxml/jackson/core/jackson-core/2.9.5/jackson-core-2.9.5.jar:/home/gaga/.m2/repository/com/fasterxml/jackson/datatype/jackson-datatype-jdk8/2.9.5/jackson-datatype-jdk8-2.9.5.jar:/home/gaga/.m2/repository/com/fasterxml/jackson/datatype/jackson-datatype-jsr310/2.9.5/jackson-datatype-jsr310-2.9.5.jar:/home/gaga/.m2/repository/com/fasterxml/jackson/module/jackson-module-parameter-names/2.9.5/jackson-module-parameter-names-2.9.5.jar:/home/gaga/.m2/repository/org/springframework/boot/spring-boot-starter-tomcat/2.1.0.BUILD-SNAPSHOT/spring-boot-starter-tomcat-2.1.0.BUILD-SNAPSHOT.jar:/home/gaga/.m2/repository/org/apache/tomcat/embed/tomcat-embed-core/8.5.31/tomcat-embed-core-8.5.31.jar:/home/gaga/.m2/repository/org/apache/tomcat/embed/tomcat-embed-el/8.5.31/tomcat-embed-el-8.5.31.jar:/home/gaga/.m2/repository/org/apache/tomcat/embed/tomcat-embed-websocket/8.5.31/tomcat-embed-websocket-8.5.31.jar:/home/gaga/.m2/repository/org/hibernate/validator/hibernate-validator/6.0.10.Final/hibernate-validator-6.0.10.Final.jar:/home/gaga/.m2/repository/javax/validation/validation-api/2.0.1.Final/validation-api-2.0.1.Final.jar:/home/gaga/.m2/repository/org/springframework/spring-web/5.1.0.BUILD-SNAPSHOT/spring-web-5.1.0.BUILD-SNAPSHOT.jar:/home/gaga/.m2/repository/org/springframework/spring-webmvc/5.1.0.BUILD-SNAPSHOT/spring-webmvc-5.1.0.BUILD-SNAPSHOT.jar:/home/gaga/.m2/repository/org/springframework/session/spring-session-data-redis/2.0.3.RELEASE/spring-session-data-redis-2.0.3.RELEASE.jar:/home/gaga/.m2/repository/org/springframework/session/spring-session-core/2.0.3.RELEASE/spring-session-core-2.0.3.RELEASE.jar:/home/gaga/.m2/repository/org/springframework/spring-jcl/5.1.0.BUILD-SNAPSHOT/spring-jcl-5.1.0.BUILD-SNAPSHOT.jar:/home/gaga/.m2/repository/mysql/mysql-connector-java/5.1.46/mysql-connector-java-5.1.46.jar:/home/gaga/.m2/repository/org/springframework/boot/spring-boot-starter-test/2.1.0.BUILD-SNAPSHOT/spring-boot-starter-test-2.1.0.BUILD-SNAPSHOT.jar:/home/gaga/.m2/repository/org/springframework/boot/spring-boot-test/2.1.0.BUILD-SNAPSHOT/spring-boot-test-2.1.0.BUILD-SNAPSHOT.jar:/home/gaga/.m2/repository/org/springframework/boot/spring-boot-test-autoconfigure/2.1.0.BUILD-SNAPSHOT/spring-boot-test-autoconfigure-2.1.0.BUILD-SNAPSHOT.jar:/home/gaga/.m2/repository/com/jayway/jsonpath/json-path/2.4.0/json-path-2.4.0.jar:/home/gaga/.m2/repository/net/minidev/json-smart/2.3/json-smart-2.3.jar:/home/gaga/.m2/repository/net/minidev/accessors-smart/1.2/accessors-smart-1.2.jar:/home/gaga/.m2/repository/org/ow2/asm/asm/5.0.4/asm-5.0.4.jar:/home/gaga/.m2/repository/junit/junit/4.12/junit-4.12.jar:/home/gaga/.m2/repository/org/assertj/assertj-core/3.9.1/assertj-core-3.9.1.jar:/home/gaga/.m2/repository/org/mockito/mockito-core/2.18.3/mockito-core-2.18.3.jar:/home/gaga/.m2/repository/net/bytebuddy/byte-buddy/1.7.11/byte-buddy-1.7.11.jar:/home/gaga/.m2/repository/net/bytebuddy/byte-buddy-agent/1.7.11/byte-buddy-agent-1.7.11.jar:/home/gaga/.m2/repository/org/objenesis/objenesis/2.6/objenesis-2.6.jar:/home/gaga/.m2/repository/org/hamcrest/hamcrest-core/1.3/hamcrest-core-1.3.jar:/home/gaga/.m2/repository/org/hamcrest/hamcrest-library/1.3/hamcrest-library-1.3.jar:/home/gaga/.m2/repository/org/skyscreamer/jsonassert/1.5.0/jsonassert-1.5.0.jar:/home/gaga/.m2/repository/com/vaadin/external/google/android-json/0.0.20131108.vaadin1/android-json-0.0.20131108.vaadin1.jar:/home/gaga/.m2/repository/org/springframework/spring-core/5.1.0.BUILD-SNAPSHOT/spring-core-5.1.0.BUILD-SNAPSHOT.jar:/home/gaga/.m2/repository/org/springframework/spring-test/5.1.0.BUILD-SNAPSHOT/spring-test-5.1.0.BUILD-SNAPSHOT.jar:/home/gaga/.m2/repository/org/xmlunit/xmlunit-core/2.5.1/xmlunit-core-2.5.1.jar:/home/gaga/.m2/repository/org/springframework/security/spring-security-test/5.1.0.M1/spring-security-test-5.1.0.M1.jar:/home/gaga/.m2/repository/org/springframework/security/spring-security-core/5.1.0.M1/spring-security-core-5.1.0.M1.jar:"/>
    <property name="sun.cpu.endian" value="little"/>
    <property name="user.home" value="/home/gaga"/>
    <property name="user.language" value="ru"/>
    <property name="java.specification.vendor" value="Oracle Corporation"/>
    <property name="java.home" value="/usr/lib/jvm/java-8-oracle/jre"/>
    <property name="spring.profiles.active" value="dev"/>
    <property name="basedir" value="/home/gaga/jobs/projects/car-rental/app"/>
    <property name="file.separator" value="/"/>
    <property name="line.separator" value="&#10;"/>
    <property name="java.vm.specification.vendor" value="Oracle Corporation"/>
    <property name="java.specification.name" value="Java Platform API Specification"/>
    <property name="java.awt.graphicsenv" value="sun.awt.X11GraphicsEnvironment"/>
    <property name="surefire.real.class.path" value="/home/gaga/jobs/projects/car-rental/app/target/surefire/surefirebooter2949491038404108506.jar"/>
    <property name="sun.boot.class.path" value="/usr/lib/jvm/java-8-oracle/jre/lib/resources.jar:/usr/lib/jvm/java-8-oracle/jre/lib/rt.jar:/usr/lib/jvm/java-8-oracle/jre/lib/sunrsasign.jar:/usr/lib/jvm/java-8-oracle/jre/lib/jsse.jar:/usr/lib/jvm/java-8-oracle/jre/lib/jce.jar:/usr/lib/jvm/java-8-oracle/jre/lib/charsets.jar:/usr/lib/jvm/java-8-oracle/jre/lib/jfr.jar:/usr/lib/jvm/java-8-oracle/jre/classes"/>
    <property name="sun.management.compiler" value="HotSpot 64-Bit Tiered Compilers"/>
    <property name="java.runtime.version" value="1.8.0_66-b17"/>
    <property name="user.name" value="gaga"/>
    <property name="path.separator" value=":"/>
    <property name="os.version" value="4.4.0-128-generic"/>
    <property name="java.endorsed.dirs" value="/usr/lib/jvm/java-8-oracle/jre/lib/endorsed"/>
    <property name="java.runtime.name" value="Java(TM) SE Runtime Environment"/>
    <property name="file.encoding" value="UTF-8"/>
    <property name="java.vm.name" value="Java HotSpot(TM) 64-Bit Server VM"/>
    <property name="localRepository" value="/home/gaga/.m2/repository"/>
    <property name="java.vendor.url.bug" value="http://bugreport.sun.com/bugreport/"/>
    <property name="java.io.tmpdir" value="/tmp"/>
    <property name="java.version" value="1.8.0_66"/>
    <property name="user.dir" value="/home/gaga/jobs/projects/car-rental/app"/>
    <property name="os.arch" value="amd64"/>
    <property name="java.vm.specification.name" value="Java Virtual Machine Specification"/>
    <property name="java.awt.printerjob" value="sun.print.PSPrinterJob"/>
    <property name="sun.os.patch.level" value="unknown"/>
    <property name="java.library.path" value="/usr/java/packages/lib/amd64:/usr/lib64:/lib64:/lib:/usr/lib"/>
    <property name="java.vm.info" value="mixed mode"/>
    <property name="java.vendor" value="Oracle Corporation"/>
    <property name="java.vm.version" value="25.66-b17"/>
    <property name="java.ext.dirs" value="/usr/lib/jvm/java-8-oracle/jre/lib/ext:/usr/java/packages/lib/ext"/>
    <property name="sun.io.unicode.encoding" value="UnicodeLittle"/>
    <property name="java.class.version" value="52.0"/>
  </properties>
  <testcase name="contextLoads" classname="ru.domru.carrental.CarRentalApplicationTests" time="0.153"/>
</testsuite>